<?xml version="1.0" encoding="UTF-8"?>
<testsuite xmlns:xsi="http://www.w3.org/2001/XMLSchema-instance" xsi:noNamespaceSchemaLocation="https://maven.apache.org/surefire/maven-surefire-plugin/xsd/surefire-test-report-3.0.xsd" version="3.0" name="com.stack.emailservice.EmailServiceApplicationTests" time="8.645" tests="1" errors="0" skipped="0" failures="0">
  <properties>
    <property name="java.specification.version" value="17"/>
    <property name="sun.cpu.isalist" value="amd64"/>
    <property name="sun.jnu.encoding" value="Cp1252"/>
    <property name="java.class.path" value="C:\Users\oussa\OneDrive\Bureau\stack\emailService\target\test-classes;C:\Users\oussa\OneDrive\Bureau\stack\emailService\target\classes;C:\Users\oussa\.m2\repository\org\springframework\boot\spring-boot-starter-mail\3.2.5\spring-boot-starter-mail-3.2.5.jar;C:\Users\oussa\.m2\repository\org\springframework\boot\spring-boot-starter\3.2.5\spring-boot-starter-3.2.5.jar;C:\Users\oussa\.m2\repository\org\springframework\boot\spring-boot\3.2.5\spring-boot-3.2.5.jar;C:\Users\oussa\.m2\repository\org\springframework\boot\spring-boot-autoconfigure\3.2.5\spring-boot-autoconfigure-3.2.5.jar;C:\Users\oussa\.m2\repository\org\springframework\boot\spring-boot-starter-logging\3.2.5\spring-boot-starter-logging-3.2.5.jar;C:\Users\oussa\.m2\repository\ch\qos\logback\logback-classic\1.4.14\logback-classic-1.4.14.jar;C:\Users\oussa\.m2\repository\ch\qos\logback\logback-core\1.4.14\logback-core-1.4.14.jar;C:\Users\oussa\.m2\repository\org\apache\logging\log4j\log4j-to-slf4j\2.21.1\log4j-to-slf4j-2.21.1.jar;C:\Users\oussa\.m2\repository\org\apache\logging\log4j\log4j-api\2.21.1\log4j-api-2.21.1.jar;C:\Users\oussa\.m2\repository\org\slf4j\jul-to-slf4j\2.0.13\jul-to-slf4j-2.0.13.jar;C:\Users\oussa\.m2\repository\jakarta\annotation\jakarta.annotation-api\2.1.1\jakarta.annotation-api-2.1.1.jar;C:\Users\oussa\.m2\repository\org\yaml\snakeyaml\2.2\snakeyaml-2.2.jar;C:\Users\oussa\.m2\repository\org\springframework\spring-context-support\6.1.6\spring-context-support-6.1.6.jar;C:\Users\oussa\.m2\repository\org\springframework\spring-beans\6.1.6\spring-beans-6.1.6.jar;C:\Users\oussa\.m2\repository\org\springframework\spring-context\6.1.6\spring-context-6.1.6.jar;C:\Users\oussa\.m2\repository\org\springframework\spring-aop\6.1.6\spring-aop-6.1.6.jar;C:\Users\oussa\.m2\repository\org\springframework\spring-expression\6.1.6\spring-expression-6.1.6.jar;C:\Users\oussa\.m2\repository\io\micrometer\micrometer-observation\1.12.5\micrometer-observation-1.12.5.jar;C:\Users\oussa\.m2\repository\io\micrometer\micrometer-commons\1.12.5\micrometer-commons-1.12.5.jar;C:\Users\oussa\.m2\repository\org\eclipse\angus\jakarta.mail\2.0.3\jakarta.mail-2.0.3.jar;C:\Users\oussa\.m2\repository\jakarta\activation\jakarta.activation-api\2.1.3\jakarta.activation-api-2.1.3.jar;C:\Users\oussa\.m2\repository\org\eclipse\angus\angus-activation\2.0.2\angus-activation-2.0.2.jar;C:\Users\oussa\.m2\repository\org\springframework\boot\spring-boot-starter-test\3.2.5\spring-boot-starter-test-3.2.5.jar;C:\Users\oussa\.m2\repository\org\springframework\boot\spring-boot-test\3.2.5\spring-boot-test-3.2.5.jar;C:\Users\oussa\.m2\repository\org\springframework\boot\spring-boot-test-autoconfigure\3.2.5\spring-boot-test-autoconfigure-3.2.5.jar;C:\Users\oussa\.m2\repository\com\jayway\jsonpath\json-path\2.9.0\json-path-2.9.0.jar;C:\Users\oussa\.m2\repository\org\slf4j\slf4j-api\2.0.13\slf4j-api-2.0.13.jar;C:\Users\oussa\.m2\repository\jakarta\xml\bind\jakarta.xml.bind-api\4.0.2\jakarta.xml.bind-api-4.0.2.jar;C:\Users\oussa\.m2\repository\net\minidev\json-smart\2.5.1\json-smart-2.5.1.jar;C:\Users\oussa\.m2\repository\net\minidev\accessors-smart\2.5.1\accessors-smart-2.5.1.jar;C:\Users\oussa\.m2\repository\org\ow2\asm\asm\9.6\asm-9.6.jar;C:\Users\oussa\.m2\repository\org\assertj\assertj-core\3.24.2\assertj-core-3.24.2.jar;C:\Users\oussa\.m2\repository\net\bytebuddy\byte-buddy\1.14.13\byte-buddy-1.14.13.jar;C:\Users\oussa\.m2\repository\org\awaitility\awaitility\4.2.1\awaitility-4.2.1.jar;C:\Users\oussa\.m2\repository\org\hamcrest\hamcrest\2.2\hamcrest-2.2.jar;C:\Users\oussa\.m2\repository\org\junit\jupiter\junit-jupiter\5.10.2\junit-jupiter-5.10.2.jar;C:\Users\oussa\.m2\repository\org\junit\jupiter\junit-jupiter-api\5.10.2\junit-jupiter-api-5.10.2.jar;C:\Users\oussa\.m2\repository\org\opentest4j\opentest4j\1.3.0\opentest4j-1.3.0.jar;C:\Users\oussa\.m2\repository\org\junit\platform\junit-platform-commons\1.10.2\junit-platform-commons-1.10.2.jar;C:\Users\oussa\.m2\repository\org\apiguardian\apiguardian-api\1.1.2\apiguardian-api-1.1.2.jar;C:\Users\oussa\.m2\repository\org\junit\jupiter\junit-jupiter-params\5.10.2\junit-jupiter-params-5.10.2.jar;C:\Users\oussa\.m2\repository\org\junit\jupiter\junit-jupiter-engine\5.10.2\junit-jupiter-engine-5.10.2.jar;C:\Users\oussa\.m2\repository\org\junit\platform\junit-platform-engine\1.10.2\junit-platform-engine-1.10.2.jar;C:\Users\oussa\.m2\repository\org\mockito\mockito-core\5.7.0\mockito-core-5.7.0.jar;C:\Users\oussa\.m2\repository\net\bytebuddy\byte-buddy-agent\1.14.13\byte-buddy-agent-1.14.13.jar;C:\Users\oussa\.m2\repository\org\objenesis\objenesis\3.3\objenesis-3.3.jar;C:\Users\oussa\.m2\repository\org\mockito\mockito-junit-jupiter\5.7.0\mockito-junit-jupiter-5.7.0.jar;C:\Users\oussa\.m2\repository\org\skyscreamer\jsonassert\1.5.1\jsonassert-1.5.1.jar;C:\Users\oussa\.m2\repository\com\vaadin\external\google\android-json\0.0.20131108.vaadin1\android-json-0.0.20131108.vaadin1.jar;C:\Users\oussa\.m2\repository\org\springframework\spring-core\6.1.6\spring-core-6.1.6.jar;C:\Users\oussa\.m2\repository\org\springframework\spring-jcl\6.1.6\spring-jcl-6.1.6.jar;C:\Users\oussa\.m2\repository\org\springframework\spring-test\6.1.6\spring-test-6.1.6.jar;C:\Users\oussa\.m2\repository\org\xmlunit\xmlunit-core\2.9.1\xmlunit-core-2.9.1.jar;"/>
    <property name="java.vm.vendor" value="Oracle Corporation"/>
    <property name="sun.arch.data.model" value="64"/>
    <property name="user.variant" value=""/>
    <property name="java.vendor.url" value="https://java.oracle.com/"/>
    <property name="user.timezone" value="Africa/Casablanca"/>
    <property name="os.name" value="Windows 11"/>
    <property name="java.vm.specification.version" value="17"/>
    <property name="sun.java.launcher" value="SUN_STANDARD"/>
    <property name="user.country" value="FR"/>
    <property name="sun.boot.library.path" value="C:\Program Files\Java\jdk-17\bin"/>
    <property name="sun.java.command" value="C:\Users\oussa\AppData\Local\Temp\surefire6790483564261380363\surefirebooter-20240502170837118_3.jar C:\Users\oussa\AppData\Local\Temp\surefire6790483564261380363 2024-05-02T17-08-36_577-jvmRun1 surefire-20240502170837118_1tmp surefire_0-20240502170837118_2tmp"/>
    <property name="jdk.debug" value="release"/>
    <property name="surefire.test.class.path" value="C:\Users\oussa\OneDrive\Bureau\stack\emailService\target\test-classes;C:\Users\oussa\OneDrive\Bureau\stack\emailService\target\classes;C:\Users\oussa\.m2\repository\org\springframework\boot\spring-boot-starter-mail\3.2.5\spring-boot-starter-mail-3.2.5.jar;C:\Users\oussa\.m2\repository\org\springframework\boot\spring-boot-starter\3.2.5\spring-boot-starter-3.2.5.jar;C:\Users\oussa\.m2\repository\org\springframework\boot\spring-boot\3.2.5\spring-boot-3.2.5.jar;C:\Users\oussa\.m2\repository\org\springframework\boot\spring-boot-autoconfigure\3.2.5\spring-boot-autoconfigure-3.2.5.jar;C:\Users\oussa\.m2\repository\org\springframework\boot\spring-boot-starter-logging\3.2.5\spring-boot-starter-logging-3.2.5.jar;C:\Users\oussa\.m2\repository\ch\qos\logback\logback-classic\1.4.14\logback-classic-1.4.14.jar;C:\Users\oussa\.m2\repository\ch\qos\logback\logback-core\1.4.14\logback-core-1.4.14.jar;C:\Users\oussa\.m2\repository\org\apache\logging\log4j\log4j-to-slf4j\2.21.1\log4j-to-slf4j-2.21.1.jar;C:\Users\oussa\.m2\repository\org\apache\logging\log4j\log4j-api\2.21.1\log4j-api-2.21.1.jar;C:\Users\oussa\.m2\repository\org\slf4j\jul-to-slf4j\2.0.13\jul-to-slf4j-2.0.13.jar;C:\Users\oussa\.m2\repository\jakarta\annotation\jakarta.annotation-api\2.1.1\jakarta.annotation-api-2.1.1.jar;C:\Users\oussa\.m2\repository\org\yaml\snakeyaml\2.2\snakeyaml-2.2.jar;C:\Users\oussa\.m2\repository\org\springframework\spring-context-support\6.1.6\spring-context-support-6.1.6.jar;C:\Users\oussa\.m2\repository\org\springframework\spring-beans\6.1.6\spring-beans-6.1.6.jar;C:\Users\oussa\.m2\repository\org\springframework\spring-context\6.1.6\spring-context-6.1.6.jar;C:\Users\oussa\.m2\repository\org\springframework\spring-aop\6.1.6\spring-aop-6.1.6.jar;C:\Users\oussa\.m2\repository\org\springframework\spring-expression\6.1.6\spring-expression-6.1.6.jar;C:\Users\oussa\.m2\repository\io\micrometer\micrometer-observation\1.12.5\micrometer-observation-1.12.5.jar;C:\Users\oussa\.m2\repository\io\micrometer\micrometer-commons\1.12.5\micrometer-commons-1.12.5.jar;C:\Users\oussa\.m2\repository\org\eclipse\angus\jakarta.mail\2.0.3\jakarta.mail-2.0.3.jar;C:\Users\oussa\.m2\repository\jakarta\activation\jakarta.activation-api\2.1.3\jakarta.activation-api-2.1.3.jar;C:\Users\oussa\.m2\repository\org\eclipse\angus\angus-activation\2.0.2\angus-activation-2.0.2.jar;C:\Users\oussa\.m2\repository\org\springframework\boot\spring-boot-starter-test\3.2.5\spring-boot-starter-test-3.2.5.jar;C:\Users\oussa\.m2\repository\org\springframework\boot\spring-boot-test\3.2.5\spring-boot-test-3.2.5.jar;C:\Users\oussa\.m2\repository\org\springframework\boot\spring-boot-test-autoconfigure\3.2.5\spring-boot-test-autoconfigure-3.2.5.jar;C:\Users\oussa\.m2\repository\com\jayway\jsonpath\json-path\2.9.0\json-path-2.9.0.jar;C:\Users\oussa\.m2\repository\org\slf4j\slf4j-api\2.0.13\slf4j-api-2.0.13.jar;C:\Users\oussa\.m2\repository\jakarta\xml\bind\jakarta.xml.bind-api\4.0.2\jakarta.xml.bind-api-4.0.2.jar;C:\Users\oussa\.m2\repository\net\minidev\json-smart\2.5.1\json-smart-2.5.1.jar;C:\Users\oussa\.m2\repository\net\minidev\accessors-smart\2.5.1\accessors-smart-2.5.1.jar;C:\Users\oussa\.m2\repository\org\ow2\asm\asm\9.6\asm-9.6.jar;C:\Users\oussa\.m2\repository\org\assertj\assertj-core\3.24.2\assertj-core-3.24.2.jar;C:\Users\oussa\.m2\repository\net\bytebuddy\byte-buddy\1.14.13\byte-buddy-1.14.13.jar;C:\Users\oussa\.m2\repository\org\awaitility\awaitility\4.2.1\awaitility-4.2.1.jar;C:\Users\oussa\.m2\repository\org\hamcrest\hamcrest\2.2\hamcrest-2.2.jar;C:\Users\oussa\.m2\repository\org\junit\jupiter\junit-jupiter\5.10.2\junit-jupiter-5.10.2.jar;C:\Users\oussa\.m2\repository\org\junit\jupiter\junit-jupiter-api\5.10.2\junit-jupiter-api-5.10.2.jar;C:\Users\oussa\.m2\repository\org\opentest4j\opentest4j\1.3.0\opentest4j-1.3.0.jar;C:\Users\oussa\.m2\repository\org\junit\platform\junit-platform-commons\1.10.2\junit-platform-commons-1.10.2.jar;C:\Users\oussa\.m2\repository\org\apiguardian\apiguardian-api\1.1.2\apiguardian-api-1.1.2.jar;C:\Users\oussa\.m2\repository\org\junit\jupiter\junit-jupiter-params\5.10.2\junit-jupiter-params-5.10.2.jar;C:\Users\oussa\.m2\repository\org\junit\jupiter\junit-jupiter-engine\5.10.2\junit-jupiter-engine-5.10.2.jar;C:\Users\oussa\.m2\repository\org\junit\platform\junit-platform-engine\1.10.2\junit-platform-engine-1.10.2.jar;C:\Users\oussa\.m2\repository\org\mockito\mockito-core\5.7.0\mockito-core-5.7.0.jar;C:\Users\oussa\.m2\repository\net\bytebuddy\byte-buddy-agent\1.14.13\byte-buddy-agent-1.14.13.jar;C:\Users\oussa\.m2\repository\org\objenesis\objenesis\3.3\objenesis-3.3.jar;C:\Users\oussa\.m2\repository\org\mockito\mockito-junit-jupiter\5.7.0\mockito-junit-jupiter-5.7.0.jar;C:\Users\oussa\.m2\repository\org\skyscreamer\jsonassert\1.5.1\jsonassert-1.5.1.jar;C:\Users\oussa\.m2\repository\com\vaadin\external\google\android-json\0.0.20131108.vaadin1\android-json-0.0.20131108.vaadin1.jar;C:\Users\oussa\.m2\repository\org\springframework\spring-core\6.1.6\spring-core-6.1.6.jar;C:\Users\oussa\.m2\repository\org\springframework\spring-jcl\6.1.6\spring-jcl-6.1.6.jar;C:\Users\oussa\.m2\repository\org\springframework\spring-test\6.1.6\spring-test-6.1.6.jar;C:\Users\oussa\.m2\repository\org\xmlunit\xmlunit-core\2.9.1\xmlunit-core-2.9.1.jar;"/>
    <property name="sun.cpu.endian" value="little"/>
    <property name="user.home" value="C:\Users\oussa"/>
    <property name="user.language" value="fr"/>
    <property name="java.specification.vendor" value="Oracle Corporation"/>
    <property name="java.version.date" value="2023-10-17"/>
    <property name="java.home" value="C:\Program Files\Java\jdk-17"/>
    <property name="file.separator" value="\"/>
    <property name="basedir" value="C:\Users\oussa\OneDrive\Bureau\stack\emailService"/>
    <property name="java.vm.compressedOopsMode" value="Zero based"/>
    <property name="line.separator" value="&#10;"/>
    <property name="java.vm.specification.vendor" value="Oracle Corporation"/>
    <property name="java.specification.name" value="Java Platform API Specification"/>
    <property name="FILE_LOG_CHARSET" value="windows-1252"/>
    <property name="java.awt.headless" value="true"/>
    <property name="surefire.real.class.path" value="C:\Users\oussa\AppData\Local\Temp\surefire6790483564261380363\surefirebooter-20240502170837118_3.jar"/>
    <property name="user.script" value=""/>
    <property name="sun.management.compiler" value="HotSpot 64-Bit Tiered Compilers"/>
    <property name="java.runtime.version" value="17.0.9+11-LTS-201"/>
    <property name="user.name" value="oussa"/>
    <property name="path.separator" value=";"/>
    <property name="os.version" value="10.0"/>
    <property name="java.runtime.name" value="Java(TM) SE Runtime Environment"/>
    <property name="file.encoding" value="Cp1252"/>
    <property name="java.vm.name" value="Java HotSpot(TM) 64-Bit Server VM"/>
    <property name="localRepository" value="C:\Users\oussa\.m2\repository"/>
    <property name="java.vendor.url.bug" value="https://bugreport.java.com/bugreport/"/>
    <property name="java.io.tmpdir" value="C:\Users\oussa\AppData\Local\Temp\"/>
    <property name="java.version" value="17.0.9"/>
    <property name="user.dir" value="C:\Users\oussa\OneDrive\Bureau\stack\emailService"/>
    <property name="os.arch" value="amd64"/>
    <property name="java.vm.specification.name" value="Java Virtual Machine Specification"/>
    <property name="PID" value="24612"/>
    <property name="sun.os.patch.level" value=""/>
    <property name="CONSOLE_LOG_CHARSET" value="windows-1252"/>
    <property name="native.encoding" value="Cp1252"/>
    <property name="java.library.path" value="C:\Program Files\Java\jdk-17\bin;C:\WINDOWS\Sun\Java\bin;C:\WINDOWS\system32;C:\WINDOWS;C:\Program Files\Git\mingw64\bin;C:\Program Files\Git\usr\bin;C:\Users\oussa\bin;C:\Program Files\Java\jdk-17\bin;C:\Program Files\Common Files\Oracle\Java\javapath;C:\Program Files (x86)\Common Files\Oracle\Java\javapath;C:\Users\oussa\Documents\oracle\bin;C:\WINDOWS\system32;C:\WINDOWS;C:\WINDOWS\System32\Wbem;C:\WINDOWS\System32\WindowsPowerShell\v1.0;C:\WINDOWS\System32\OpenSSH;C:\xampp\php;C:\Program Files\nodejs;C:\Users\oussa\AppData\Roaming\npm;C:\Program Files\Git\cmd;C:\Program Files\Java\jdk-17\bin;C:\Program Files\Docker\Docker\resources\bin;C:\ProgramData\chocolatey\bin;C:\HashiCorp\Vagrant\bin;C:\ProgramData\chocolatey\lib\maven\apache-maven-3.9.5\bin;C:\Program Files\Amazon\AWSCLIV2;C:\Program Files\Microsoft SQL Server\150\Tools\Binn;C:\Program Files\Microsoft SQL Server\Client SDK\ODBC\170\Tools\Binn;C:\Program Files\dotnet;C:\Program Files\MongoDB\Server\7.0\bin;C:\mongosh-2.1.5-win32-x64\bin;C:\Program Files (x86)\Microsoft SQL Server\160\Tools\Binn;C:\Program Files\Microsoft SQL Server\160\Tools\Binn;C:\Program Files\Microsoft SQL Server\160\DTS\Binn;C:\Program Files (x86)\Microsoft SQL Server\160\DTS\Binn;C:\Program Files\Azure Data Studio\bin;C:\Users\oussa\AppData\Local\Microsoft\WindowsApps;C:\Users\oussa\AppData\Local\Programs\Microsoft VS Code\bin;C:\Users\oussa\composer;C:\Users\oussa\AppData\Roaming\Composer\vendor\bin;C:\Users\oussa\AppData\Roaming\npm;C:\Users\oussa\AppData\Local\GitHubDesktop\bin;C:\Program Files\JetBrains\IntelliJ IDEA 2023.1.3\bin;C:\Program Files\JetBrains\PyCharm 2023.2.1\bin;C:\Users\oussa\AppData\Local\Programs\Python\Python311;C:\Program Files\Oracle\VirtualBox;C:\Users\oussa\.dotnet\tools;C:\Users\oussa\AppData\Local\Programs\mongosh;C:\Program Files\Azure Data Studio\bin;."/>
    <property name="java.vm.info" value="mixed mode, sharing"/>
    <property name="java.vendor" value="Oracle Corporation"/>
    <property name="java.vm.version" value="17.0.9+11-LTS-201"/>
    <property name="sun.io.unicode.encoding" value="UnicodeLittle"/>
    <property name="java.class.version" value="61.0"/>
    <property name="LOGGED_APPLICATION_NAME" value="[emailService] "/>
  </properties>
  <testcase name="contextLoads" classname="com.stack.emailservice.EmailServiceApplicationTests" time="2.192">
    <system-out><![CDATA[17:08:39.626 [main] INFO org.springframework.test.context.support.AnnotationConfigContextLoaderUtils -- Could not detect default configuration classes for test class [com.stack.emailservice.EmailServiceApplicationTests]: EmailServiceApplicationTests does not declare any static, non-private, non-final, nested classes annotated with @Configuration.
17:08:40.009 [main] INFO org.springframework.boot.test.context.SpringBootTestContextBootstrapper -- Found @SpringBootConfiguration com.stack.emailservice.EmailServiceApplication for test class com.stack.emailservice.EmailServiceApplicationTests

  .   ____          _            __ _ _
 /\\ / ___'_ __ _ _(_)_ __  __ _ \ \ \ \
( ( )\___ | '_ | '_| | '_ \/ _` | \ \ \ \
 \\/  ___)| |_)| | | | | || (_| |  ) ) ) )
  '  |____| .__|_| |_|_| |_\__, | / / / /
 =========|_|==============|___/=/_/_/_/
 :: Spring Boot ::                (v3.2.5)

2024-05-02T17:08:41.010+01:00  INFO 24612 --- [emailService] [           main] c.s.e.EmailServiceApplicationTests       : Starting EmailServiceApplicationTests using Java 17.0.9 with PID 24612 (started by oussa in C:\Users\oussa\OneDrive\Bureau\stack\emailService)
2024-05-02T17:08:41.013+01:00  INFO 24612 --- [emailService] [           main] c.s.e.EmailServiceApplicationTests       : No active profile set, falling back to 1 default profile: "default"
2024-05-02T17:08:42.610+01:00  INFO 24612 --- [emailService] [           main] c.s.e.EmailServiceApplicationTests       : Started EmailServiceApplicationTests in 2.305 seconds (process running for 4.791)
mail sent successfully .......
]]></system-out>
  </testcase>
</testsuite>